TN:
SF:script/Counter.s.sol
FN:7,CounterScript.setUp
FNDA:0,CounterScript.setUp
FN:9,CounterScript.run
FNDA:0,CounterScript.run
DA:10,0
DA:10,0
FNF:2
FNH:0
LF:1
LH:0
BRF:0
BRH:0
end_of_record
TN:
SF:src/Counter.sol
FN:7,Counter.setNumber
FNDA:0,Counter.setNumber
DA:8,0
DA:8,0
FN:11,Counter.increment
FNDA:0,Counter.increment
DA:12,0
DA:12,0
FNF:2
FNH:0
LF:2
LH:0
BRF:0
BRH:0
end_of_record
TN:
SF:src/GreenCurve.sol
FN:34,GreenCurve.initialize
FNDA:21,GreenCurve.initialize
DA:43,21
DA:43,21
DA:46,21
DA:46,21
DA:48,21
DA:48,21
DA:49,21
DA:49,21
DA:50,21
DA:50,21
DA:51,21
DA:51,21
DA:54,21
DA:54,21
DA:55,21
DA:55,21
DA:57,21
DA:57,21
BRDA:57,0,0,2
BRDA:57,0,1,21
DA:58,2
DA:58,2
DA:63,21
DA:63,21
DA:65,21
DA:65,21
BRDA:65,1,0,1
BRDA:65,1,1,20
DA:65,1
DA:67,20
DA:67,20
FN:70,GreenCurve.buyTokens
FNDA:529,GreenCurve.buyTokens
DA:71,529
DA:71,529
BRDA:71,2,0,1
BRDA:71,2,1,528
DA:72,1
DA:72,1
DA:74,528
DA:74,528
FN:77,GreenCurve.sellTokens
FNDA:262,GreenCurve.sellTokens
DA:78,262
DA:78,262
BRDA:78,3,0,116
BRDA:78,3,1,146
DA:79,116
DA:79,116
DA:81,146
DA:81,146
FN:84,GreenCurve.marketCap
FNDA:265,GreenCurve.marketCap
DA:85,265
DA:85,265
DA:85,265
FN:88,GreenCurve.getTokenPriceinETH
FNDA:1,GreenCurve.getTokenPriceinETH
DA:89,1
DA:89,1
DA:89,1
FN:92,GreenCurve.endBonding
FNDA:229,GreenCurve.endBonding
DA:94,229
DA:94,229
DA:97,229
DA:97,229
DA:98,229
DA:98,229
DA:101,229
DA:101,229
DA:104,229
DA:104,229
DA:113,229
DA:113,229
FN:116,GreenCurve.getAmountOutWithFee
FNDA:676,GreenCurve.getAmountOutWithFee
DA:117,676
DA:117,676
BRDA:117,4,0,-
BRDA:117,4,1,676
DA:118,676
DA:118,676
DA:118,676
DA:119,676
DA:119,676
DA:119,676
DA:120,676
DA:120,676
DA:120,676
DA:121,676
DA:121,676
FN:124,GreenCurve.calculatePurchaseTokenOut
FNDA:0,GreenCurve.calculatePurchaseTokenOut
DA:125,530
DA:125,530
DA:126,530
DA:126,530
DA:126,530
FN:129,GreenCurve.calculateSaleTokenOut
FNDA:0,GreenCurve.calculateSaleTokenOut
DA:130,146
DA:130,146
DA:131,146
DA:131,146
DA:131,146
FN:134,GreenCurve._buy
FNDA:530,GreenCurve._buy
DA:136,530
DA:136,530
DA:136,530
DA:137,530
DA:137,530
BRDA:137,5,0,-
BRDA:137,5,1,530
DA:138,0
DA:138,0
DA:140,530
DA:140,530
BRDA:140,6,0,-
BRDA:140,6,1,498
DA:141,498
DA:141,498
DA:141,498
DA:142,498
DA:142,498
BRDA:142,7,0,-
BRDA:142,7,1,498
DA:143,0
DA:143,0
DA:146,530
DA:146,530
DA:147,530
DA:147,530
DA:148,530
DA:148,530
DA:150,530
DA:150,530
DA:151,530
DA:151,530
DA:151,530
BRDA:151,8,0,229
BRDA:151,8,1,530
DA:152,229
DA:152,229
FN:156,GreenCurve._sell
FNDA:146,GreenCurve._sell
DA:158,146
DA:158,146
DA:158,146
DA:159,146
DA:159,146
DA:160,116
DA:160,116
DA:161,116
DA:161,116
BRDA:161,9,0,-
BRDA:161,9,1,116
DA:162,116
DA:162,116
BRDA:162,10,0,-
BRDA:162,10,1,102
DA:163,102
DA:163,102
DA:165,116
DA:165,116
BRDA:165,11,0,-
BRDA:165,11,1,116
DA:166,0
DA:166,0
DA:169,116
DA:169,116
DA:170,116
DA:170,116
FN:173,GreenCurve._calculateMarketCap
FNDA:795,GreenCurve._calculateMarketCap
DA:174,795
DA:174,795
DA:174,795
DA:175,795
DA:175,795
DA:175,795
DA:176,795
DA:176,795
DA:176,795
BRDA:176,12,0,-
BRDA:176,12,1,795
DA:177,0
DA:177,0
DA:177,0
DA:179,795
DA:179,795
DA:179,795
DA:179,795
DA:179,795
FN:186,GreenCurve._getSpotPrice
FNDA:796,GreenCurve._getSpotPrice
DA:187,796
DA:187,796
DA:187,796
DA:187,796
DA:187,796
FN:190,GreenCurve._getWETHPrice
FNDA:795,GreenCurve._getWETHPrice
DA:191,795
DA:191,795
DA:191,795
DA:192,795
DA:192,795
DA:192,795
DA:193,795
DA:193,795
FNF:14
FNH:12
LF:68
LH:64
BRF:26
BRH:18
end_of_record
TN:
SF:src/GreenERC20.sol
FN:38,GreenERC20.
FNDA:39,GreenERC20.
DA:39,25
DA:39,25
FN:42,GreenERC20.initialize
FNDA:5,GreenERC20.initialize
DA:44,5
DA:44,5
DA:47,5
DA:47,5
BRDA:47,0,0,1
BRDA:47,0,1,4
DA:48,1
DA:48,1
DA:52,4
DA:52,4
BRDA:52,1,0,1
BRDA:52,1,1,3
DA:53,1
DA:53,1
DA:57,3
DA:57,3
DA:60,3
DA:60,3
DA:61,2
DA:61,2
DA:64,2
DA:64,2
DA:65,2
DA:65,2
DA:66,2
DA:66,2
FN:69,GreenERC20._transferPlatformFee
FNDA:3,GreenERC20._transferPlatformFee
DA:71,3
DA:71,3
BRDA:71,2,0,1
BRDA:71,2,1,2
DA:72,3
DA:72,3
DA:72,3
BRDA:72,3,0,1
BRDA:72,3,1,2
DA:73,1
DA:73,1
DA:76,2
DA:76,2
FN:80,GreenERC20._transferCommunityShare
FNDA:2,GreenERC20._transferCommunityShare
DA:82,2
DA:82,2
BRDA:82,4,0,2
BRDA:82,4,1,2
DA:86,2
DA:86,2
FN:90,GreenERC20._deployExchange
FNDA:2,GreenERC20._deployExchange
DA:91,2
DA:91,2
DA:91,2
DA:93,2
DA:93,2
DA:96,2
DA:96,2
DA:99,2
DA:99,2
FNF:5
FNH:5
LF:22
LH:22
BRF:10
BRH:10
end_of_record
TN:
SF:src/GreenLaunchpad.sol
FN:42,GreenLaunchpad.
FNDA:20,GreenLaunchpad.
DA:52,10
DA:52,10
DA:52,10
BRDA:52,0,0,1
BRDA:52,0,1,14
DA:53,1
DA:53,1
DA:55,14
DA:55,14
DA:55,14
BRDA:55,1,0,1
BRDA:55,1,1,8
DA:56,1
DA:56,1
DA:58,13
DA:58,13
DA:58,13
BRDA:58,2,0,1
BRDA:58,2,1,7
DA:58,1
DA:59,7
DA:59,7
DA:59,7
BRDA:59,3,0,1
BRDA:59,3,1,6
DA:60,1
DA:60,1
DA:62,6
DA:62,6
DA:62,6
BRDA:62,4,0,1
BRDA:62,4,1,5
DA:62,1
DA:65,5
DA:65,5
DA:66,5
DA:66,5
DA:67,5
DA:67,5
DA:68,5
DA:68,5
DA:69,5
DA:69,5
DA:70,5
DA:70,5
DA:71,5
DA:71,5
DA:72,5
DA:72,5
FN:75,GreenLaunchpad.deployToken
FNDA:1,GreenLaunchpad.deployToken
DA:86,1
DA:86,1
DA:86,1
DA:88,1
DA:88,1
DA:88,1
DA:89,1
DA:89,1
DA:89,1
DA:91,1
DA:91,1
DA:91,1
DA:106,1
DA:106,1
DA:106,1
DA:108,1
DA:108,1
DA:109,1
DA:109,1
FN:115,GreenLaunchpad.renounceOwnership
FNDA:1,GreenLaunchpad.renounceOwnership
DA:116,1
DA:116,1
FN:119,GreenLaunchpad.setPlatformFeePercentage
FNDA:2,GreenLaunchpad.setPlatformFeePercentage
DA:120,1
DA:120,1
DA:121,1
DA:121,1
FN:124,GreenLaunchpad.setTradeFee
FNDA:2,GreenLaunchpad.setTradeFee
DA:125,1
DA:125,1
DA:126,1
DA:126,1
FN:129,GreenLaunchpad.setCommunityPerecentage
FNDA:2,GreenLaunchpad.setCommunityPerecentage
DA:130,1
DA:130,1
DA:131,1
DA:131,1
FN:134,GreenLaunchpad.setPlatformFeeAddress
FNDA:3,GreenLaunchpad.setPlatformFeeAddress
DA:135,2
DA:135,2
DA:135,2
BRDA:135,5,0,1
BRDA:135,5,1,1
DA:135,1
DA:136,1
DA:136,1
DA:137,1
DA:137,1
FN:140,GreenLaunchpad.setMarketCapThreshold
FNDA:2,GreenLaunchpad.setMarketCapThreshold
DA:141,1
DA:141,1
DA:142,1
DA:142,1
FN:145,GreenLaunchpad._calculateFee
FNDA:2,GreenLaunchpad._calculateFee
DA:146,2
DA:146,2
DA:146,2
FNF:9
FNH:9
LF:36
LH:36
BRF:12
BRH:12
end_of_record
TN:
SF:test/base/GreenCurve.base.sol
FN:30,GreenCurveBase.setUp
FNDA:15,GreenCurveBase.setUp
DA:31,15
DA:31,15
DA:31,15
DA:32,15
DA:32,15
DA:33,15
DA:33,15
DA:34,15
DA:34,15
DA:35,15
DA:35,15
DA:36,15
DA:36,15
DA:37,15
DA:37,15
FNF:1
FNH:1
LF:7
LH:7
BRF:0
BRH:0
end_of_record
TN:
SF:test/base/GreenERC20.base.sol
FN:14,GreenERC20Base.setUp
FNDA:4,GreenERC20Base.setUp
DA:15,4
DA:15,4
DA:15,4
DA:16,4
DA:16,4
DA:17,4
DA:17,4
FNF:1
FNH:1
LF:3
LH:3
BRF:0
BRH:0
end_of_record
TN:
SF:test/base/GreenLaunchpad.base.sol
FN:20,GreenLaunchpadBase.setUp
FNDA:17,GreenLaunchpadBase.setUp
DA:21,17
DA:21,17
DA:22,17
DA:22,17
DA:23,17
DA:23,17
FNF:1
FNH:1
LF:3
LH:3
BRF:0
BRH:0
end_of_record
TN:
SF:test/mocks/ERC20Mock.sol
FN:6,ERC20Mock.mint
FNDA:57,ERC20Mock.mint
DA:7,57
DA:7,57
FNF:1
FNH:1
LF:1
LH:1
BRF:0
BRH:0
end_of_record
TN:
SF:test/mocks/MockPair.sol
FN:9,MockPair.
FNDA:0,MockPair.
DA:10,0
DA:10,0
DA:11,0
DA:11,0
DA:12,0
DA:12,0
DA:13,0
DA:13,0
FN:16,MockPair.token0
FNDA:0,MockPair.token0
DA:17,0
DA:17,0
FN:20,MockPair.token1
FNDA:0,MockPair.token1
DA:21,0
DA:21,0
FN:24,MockPair.getReserves
FNDA:0,MockPair.getReserves
DA:25,0
DA:25,0
FNF:4
FNH:0
LF:7
LH:0
BRF:0
BRH:0
end_of_record
TN:
SF:test/mocks/WNative.sol
FN:33,WNative.deposit
FNDA:0,WNative.deposit
DA:34,0
DA:34,0
DA:35,0
DA:35,0
FN:38,WNative.withdraw
FNDA:0,WNative.withdraw
DA:39,0
DA:39,0
BRDA:39,0,0,-
BRDA:39,0,1,-
DA:40,0
DA:40,0
DA:41,0
DA:41,0
DA:42,0
DA:42,0
FN:45,WNative.totalSupply
FNDA:0,WNative.totalSupply
DA:46,0
DA:46,0
FN:49,WNative.approve
FNDA:0,WNative.approve
DA:50,0
DA:50,0
DA:51,0
DA:51,0
DA:52,0
DA:52,0
FN:55,WNative.transfer
FNDA:0,WNative.transfer
DA:56,0
DA:56,0
DA:56,0
FN:59,WNative.transferFrom
FNDA:0,WNative.transferFrom
DA:60,0
DA:60,0
BRDA:60,1,0,-
BRDA:60,1,1,-
DA:62,0
DA:62,0
DA:62,0
DA:62,0
BRDA:62,2,0,-
BRDA:62,2,1,-
DA:63,0
DA:63,0
BRDA:63,3,0,-
BRDA:63,3,1,-
DA:64,0
DA:64,0
DA:67,0
DA:67,0
DA:68,0
DA:68,0
DA:70,0
DA:70,0
DA:72,0
DA:72,0
FNF:6
FNH:0
LF:19
LH:0
BRF:8
BRH:0
end_of_record
